[ 2018-04-28T08:35:22+08:00 ] ::1 /dashboard/
INFO: [ app_init ] --START--
INFO: Run Behavior\BuildLiteBehavior [ RunTime:0.000025s ]
INFO: [ app_init ] --END-- [ RunTime:0.000809s ]

[ 2018-04-28T08:35:26+08:00 ] ::1 /dashboard/index.php/home/Index
INFO: [ app_init ] --START--
INFO: Run Behavior\BuildLiteBehavior [ RunTime:0.000036s ]
INFO: [ app_init ] --END-- [ RunTime:0.001704s ]

[ 2018-04-28T08:35:48+08:00 ] ::1 /dashboard/admin.php
INFO: [ app_init ] --START--
INFO: Run Behavior\BuildLiteBehavior [ RunTime:0.000011s ]
INFO: [ app_init ] --END-- [ RunTime:0.000587s ]

[ 2018-04-28T08:35:48+08:00 ] ::1 /dashboard/admin.php/Admin/Login/index.html
INFO: [ app_init ] --START--
INFO: Run Behavior\BuildLiteBehavior [ RunTime:0.000011s ]
INFO: [ app_init ] --END-- [ RunTime:0.000575s ]

[ 2018-04-28T08:35:52+08:00 ] ::1 /dashboard/admin.php/admin/login/checklogin
INFO: [ app_init ] --START--
INFO: Run Behavior\BuildLiteBehavior [ RunTime:0.000011s ]
INFO: [ app_init ] --END-- [ RunTime:0.000617s ]

[ 2018-04-28T08:35:59+08:00 ] ::1 /dashboard/admin.php/admin/login/checklogin
INFO: [ app_init ] --START--
INFO: Run Behavior\BuildLiteBehavior [ RunTime:0.000011s ]
INFO: [ app_init ] --END-- [ RunTime:0.000572s ]

[ 2018-04-28T08:36:08+08:00 ] ::1 /dashboard/admin.php/admin/login/checklogin
INFO: [ app_init ] --START--
INFO: Run Behavior\BuildLiteBehavior [ RunTime:0.000011s ]
INFO: [ app_init ] --END-- [ RunTime:0.000538s ]

[ 2018-04-28T10:52:18+08:00 ] ::1 /dashboard/index.php/Home/Goods/index/gid/125
INFO: [ app_init ] --START--
INFO: Run Behavior\BuildLiteBehavior [ RunTime:0.000012s ]
INFO: [ app_init ] --END-- [ RunTime:0.000659s ]

[ 2018-04-28T10:52:30+08:00 ] ::1 /dashboard/index.php/home/goods/index/gid/100
INFO: [ app_init ] --START--
INFO: Run Behavior\BuildLiteBehavior [ RunTime:0.000010s ]
INFO: [ app_init ] --END-- [ RunTime:0.000345s ]

[ 2018-04-28T10:56:07+08:00 ] ::1 /dashboard/index.php/Home/Goods/showCart
INFO: [ app_init ] --START--
INFO: Run Behavior\BuildLiteBehavior [ RunTime:0.000012s ]
INFO: [ app_init ] --END-- [ RunTime:0.000482s ]
INFO: [ app_begin ] --START--
INFO: Run Behavior\ReadHtmlCacheBehavior [ RunTime:0.001362s ]
INFO: [ app_begin ] --END-- [ RunTime:0.001458s ]
NOTIC: [8] Undefined index: cart C:\xampp\htdocs\dashboard\Application\Home\Controller\GoodsController.class.php 第 421 行.
INFO: [ app_end ] --START--
INFO: Run Behavior\ShowPageTraceBehavior [ RunTime:0.001460s ]
INFO: [ app_end ] --END-- [ RunTime:0.001505s ]

[ 2018-04-28T10:56:08+08:00 ] ::1 /dashboard/index.php/home/Showcart
INFO: [ app_init ] --START--
INFO: Run Behavior\BuildLiteBehavior [ RunTime:0.000013s ]
INFO: [ app_init ] --END-- [ RunTime:0.000393s ]

[ 2018-04-28T10:56:08+08:00 ] ::1 /dashboard/index.php/home/showcart_files/gb.css
INFO: [ app_init ] --START--
INFO: Run Behavior\BuildLiteBehavior [ RunTime:0.000009s ]
INFO: [ app_init ] --END-- [ RunTime:0.000356s ]
ERR: 无法加载控制器:Showcart_files

[ 2018-04-28T10:56:08+08:00 ] ::1 /dashboard/index.php/home/showcart_files/gb_002.css
INFO: [ app_init ] --START--
INFO: Run Behavior\BuildLiteBehavior [ RunTime:0.000012s ]
INFO: [ app_init ] --END-- [ RunTime:0.000449s ]
ERR: 无法加载控制器:Showcart_files

[ 2018-04-28T10:56:08+08:00 ] ::1 /dashboard/index.php/home/showcart_files/cart_v2.css
INFO: [ app_init ] --START--
INFO: Run Behavior\BuildLiteBehavior [ RunTime:0.000012s ]
INFO: [ app_init ] --END-- [ RunTime:0.000448s ]
ERR: 无法加载控制器:Showcart_files

[ 2018-04-28T10:56:08+08:00 ] ::1 /dashboard/index.php/home/showcart_files/0.jpeg
INFO: [ app_init ] --START--
INFO: Run Behavior\BuildLiteBehavior [ RunTime:0.000016s ]
INFO: [ app_init ] --END-- [ RunTime:0.000453s ]
ERR: 无法加载控制器:Showcart_files

[ 2018-04-28T10:56:13+08:00 ] ::1 /dashboard/index.php/Home/Showcart/checkButton
INFO: [ app_init ] --START--
INFO: Run Behavior\BuildLiteBehavior [ RunTime:0.000010s ]
INFO: [ app_init ] --END-- [ RunTime:0.000375s ]
INFO: [ app_begin ] --START--
INFO: Run Behavior\ReadHtmlCacheBehavior [ RunTime:0.001495s ]
INFO: [ app_begin ] --END-- [ RunTime:0.001605s ]
INFO: [ app_end ] --START--
INFO: Run Behavior\ShowPageTraceBehavior [ RunTime:0.000707s ]
INFO: [ app_end ] --END-- [ RunTime:0.000738s ]

[ 2018-04-28T10:56:13+08:00 ] ::1 /dashboard/index.php/home/login/index/url/ShowCart
INFO: [ app_init ] --START--
INFO: Run Behavior\BuildLiteBehavior [ RunTime:0.000009s ]
INFO: [ app_init ] --END-- [ RunTime:0.000334s ]

[ 2018-04-28T10:56:30+08:00 ] ::1 /dashboard/index.php/home/showcart_files/cart_v2.css
INFO: [ app_init ] --START--
INFO: Run Behavior\BuildLiteBehavior [ RunTime:0.000015s ]
INFO: [ app_init ] --END-- [ RunTime:0.000460s ]
ERR: 无法加载控制器:Showcart_files

[ 2018-04-28T10:56:30+08:00 ] ::1 /dashboard/index.php/home/showcart_files/gb_002.css
INFO: [ app_init ] --START--
INFO: Run Behavior\BuildLiteBehavior [ RunTime:0.000033s ]
INFO: [ app_init ] --END-- [ RunTime:0.000564s ]
ERR: 无法加载控制器:Showcart_files

[ 2018-04-28T10:56:30+08:00 ] ::1 /dashboard/index.php/home/showcart_files/gb.css
INFO: [ app_init ] --START--
INFO: Run Behavior\BuildLiteBehavior [ RunTime:0.000011s ]
INFO: [ app_init ] --END-- [ RunTime:0.000483s ]
ERR: 无法加载控制器:Showcart_files

[ 2018-04-28T10:56:31+08:00 ] ::1 /dashboard/index.php/home/showcart_files/0.jpeg
INFO: [ app_init ] --START--
INFO: Run Behavior\BuildLiteBehavior [ RunTime:0.000016s ]
INFO: [ app_init ] --END-- [ RunTime:0.000465s ]
ERR: 无法加载控制器:Showcart_files

[ 2018-04-28T10:56:32+08:00 ] ::1 /dashboard/index.php/home/login
INFO: [ app_init ] --START--
INFO: Run Behavior\BuildLiteBehavior [ RunTime:0.000048s ]
INFO: [ app_init ] --END-- [ RunTime:0.000752s ]

[ 2018-04-28T10:56:42+08:00 ] ::1 /dashboard/index.php/home/login
INFO: [ app_init ] --START--
INFO: Run Behavior\BuildLiteBehavior [ RunTime:0.000055s ]
INFO: [ app_init ] --END-- [ RunTime:0.000907s ]

[ 2018-04-28T10:56:54+08:00 ] ::1 /dashboard/index.php/Home/Goods/index/gid/125
INFO: [ app_init ] --START--
INFO: Run Behavior\BuildLiteBehavior [ RunTime:0.000012s ]
INFO: [ app_init ] --END-- [ RunTime:0.000337s ]

[ 2018-04-28T10:56:56+08:00 ] ::1 /dashboard/index.php/home/Index
INFO: [ app_init ] --START--
INFO: Run Behavior\BuildLiteBehavior [ RunTime:0.000016s ]
INFO: [ app_init ] --END-- [ RunTime:0.000410s ]

[ 2018-04-28T10:56:57+08:00 ] ::1 /dashboard/index.php/home/login
INFO: [ app_init ] --START--
INFO: Run Behavior\BuildLiteBehavior [ RunTime:0.000010s ]
INFO: [ app_init ] --END-- [ RunTime:0.000311s ]

[ 2018-04-28T10:57:21+08:00 ] ::1 /dashboard/index.php/home/register
INFO: [ app_init ] --START--
INFO: Run Behavior\BuildLiteBehavior [ RunTime:0.000012s ]
INFO: [ app_init ] --END-- [ RunTime:0.000451s ]

[ 2018-04-28T10:57:21+08:00 ] ::1 /dashboard/index.php/Home/Register/verify
INFO: [ app_init ] --START--
INFO: Run Behavior\BuildLiteBehavior [ RunTime:0.000063s ]
INFO: [ app_init ] --END-- [ RunTime:0.001309s ]

[ 2018-04-28T23:59:22+08:00 ] ::1 /dashboard/
INFO: [ app_init ] --START--
INFO: Run Behavior\BuildLiteBehavior [ RunTime:0.000027s ]
INFO: [ app_init ] --END-- [ RunTime:0.004997s ]

